<?xml version="1.0" encoding="UTF-8"?>
<!-- Generated by org.testng.reporters.JUnitReportReporter -->
<testsuite skipped="0" hostname="HP" name="testingautomation.DemoA" tests="1" failures="0" timestamp="26 Mar 2020 14:34:41 GMT" time="0.037" errors="0">
  <testcase name="testA" time="0.037" classname="testingautomation.DemoA"/>
</testsuite> <!-- testingautomation.DemoA -->
