<?xml version="1.0" encoding="UTF-8"?>
<!-- Generated by org.testng.reporters.JUnitReportReporter -->
<testsuite skipped="0" hostname="HP" name="testingautomation.DemoB" tests="2" failures="0" timestamp="26 Mar 2020 15:30:21 GMT" time="0.016" errors="0">
  <testcase name="CreateUser" time="0.016" classname="testingautomation.DemoB"/>
  <testcase name="CreateUser" time="0.000" classname="testingautomation.DemoB"/>
</testsuite> <!-- testingautomation.DemoB -->
